C:\USERS\SHUBHAM\DESKTOP\VIRTUALFILESYSTEM\DEBUG\VIRTUALFILESYSTEM.EXE
C:\USERS\SHUBHAM\DESKTOP\VIRTUALFILESYSTEM\DEBUG\VIRTUALFILESYSTEM.ILK
C:\USERS\SHUBHAM\DESKTOP\VIRTUALFILESYSTEM\DEBUG\VIRTUALFILESYSTEM.PDB
C:\Users\shubham\Desktop\VirtualFileSystem\VirtualFileSystem\Debug\cl.command.1.tlog
C:\Users\shubham\Desktop\VirtualFileSystem\VirtualFileSystem\Debug\CL.read.1.tlog
C:\Users\shubham\Desktop\VirtualFileSystem\VirtualFileSystem\Debug\CL.write.1.tlog
C:\Users\shubham\Desktop\VirtualFileSystem\VirtualFileSystem\Debug\link.6056.read.1.tlog
C:\Users\shubham\Desktop\VirtualFileSystem\VirtualFileSystem\Debug\link.6056.write.1.tlog
C:\Users\shubham\Desktop\VirtualFileSystem\VirtualFileSystem\Debug\link.6056-cvtres.read.1.tlog
C:\Users\shubham\Desktop\VirtualFileSystem\VirtualFileSystem\Debug\link.6056-cvtres.write.1.tlog
C:\Users\shubham\Desktop\VirtualFileSystem\VirtualFileSystem\Debug\link.command.1.tlog
C:\Users\shubham\Desktop\VirtualFileSystem\VirtualFileSystem\Debug\link.read.1.tlog
C:\Users\shubham\Desktop\VirtualFileSystem\VirtualFileSystem\Debug\link.write.1.tlog
C:\Users\shubham\Desktop\VirtualFileSystem\VirtualFileSystem\Debug\link-cvtres.read.1.tlog
C:\Users\shubham\Desktop\VirtualFileSystem\VirtualFileSystem\Debug\link-cvtres.write.1.tlog
C:\USERS\SHUBHAM\DESKTOP\VIRTUALFILESYSTEM\VIRTUALFILESYSTEM\DEBUG\MAINFILE.OBJ
C:\Users\shubham\Desktop\VirtualFileSystem\VirtualFileSystem\Debug\mt.command.1.tlog
C:\Users\shubham\Desktop\VirtualFileSystem\VirtualFileSystem\Debug\mt.read.1.tlog
C:\Users\shubham\Desktop\VirtualFileSystem\VirtualFileSystem\Debug\mt.write.1.tlog
C:\Users\shubham\Desktop\VirtualFileSystem\VirtualFileSystem\Debug\rc.command.1.tlog
C:\Users\shubham\Desktop\VirtualFileSystem\VirtualFileSystem\Debug\rc.read.1.tlog
C:\Users\shubham\Desktop\VirtualFileSystem\VirtualFileSystem\Debug\rc.write.1.tlog
C:\Users\shubham\Desktop\VirtualFileSystem\VirtualFileSystem\Debug\vc100.idb
C:\USERS\SHUBHAM\DESKTOP\VIRTUALFILESYSTEM\VIRTUALFILESYSTEM\DEBUG\VC100.PDB
C:\USERS\SHUBHAM\DESKTOP\VIRTUALFILESYSTEM\VIRTUALFILESYSTEM\DEBUG\VIRTUALFILESYSTEM.EXE.EMBED.MANIFEST
C:\USERS\SHUBHAM\DESKTOP\VIRTUALFILESYSTEM\VIRTUALFILESYSTEM\DEBUG\VIRTUALFILESYSTEM.EXE.EMBED.MANIFEST.RES
C:\USERS\SHUBHAM\DESKTOP\VIRTUALFILESYSTEM\VIRTUALFILESYSTEM\DEBUG\VIRTUALFILESYSTEM.EXE.INTERMEDIATE.MANIFEST
C:\Users\shubham\Desktop\VirtualFileSystem\VirtualFileSystem\Debug\VirtualFileSystem.write.1.tlog
C:\Users\shubham\Desktop\VirtualFileSystem\VirtualFileSystem\Debug\VirtualFileSystem_manifest.rc
